==================================================
Job started on Sat Nov 22 09:06:41 PM CST 2025
Job ID: 31223
Node: DGX-CN02
CPUs per task: 32
Testcase: testcase/MCNC/ami33.block
Time Limit: 7200s
Threads: 32
==================================================
Changed working directory to /home/yenh/Parallel-VLSI-Floorplanner
Loading modules...
Output will be saved in: output/run_20251122_210641_slurm_31223
[2025-11-22 21:06:41] Starting experiments...
[2025-11-22 21:06:41] Building baseline (TIME_LIMIT=7200s)
g++ -std=c++11 -O3 -Wall -DBASELINE_TIME_LIMIT_SECONDS=7200 -o floorplanner 110502529_PA4.cpp
[2025-11-22 21:06:43] Running baseline
[2025-11-22 23:06:43] Finished running baseline. Output: output/run_20251122_210641_slurm_31223/output_baseline.block, Log: output/run_20251122_210641_slurm_31223/baseline.log
[2025-11-22 23:06:43] Building parallel strategy=MultiStart_Coarse (TIME_LIMIT=7200s)
編譯 src/Floorplan.cpp...
g++ -std=c++17 -O3 -Wall -fopenmp -MMD -MP -Iinc  -DDEFAULT_TIME_LIMIT_SECONDS=7200 -DDEFAULT_STRATEGY_NAME=\"MultiStart_Coarse\" -c src/Floorplan.cpp -o obj/Floorplan.o
編譯 src/main.cpp...
g++ -std=c++17 -O3 -Wall -fopenmp -MMD -MP -Iinc  -DDEFAULT_TIME_LIMIT_SECONDS=7200 -DDEFAULT_STRATEGY_NAME=\"MultiStart_Coarse\" -c src/main.cpp -o obj/main.o
編譯 src/ParallelSA.cpp...
g++ -std=c++17 -O3 -Wall -fopenmp -MMD -MP -Iinc  -DDEFAULT_TIME_LIMIT_SECONDS=7200 -DDEFAULT_STRATEGY_NAME=\"MultiStart_Coarse\" -c src/ParallelSA.cpp -o obj/ParallelSA.o
鏈結可執行檔...
g++ obj/Floorplan.o obj/main.o obj/ParallelSA.o -o floorplanner -fopenmp
建置完成。可執行檔為 'floorplanner'.
[2025-11-22 23:06:47] Running parallel_multistart with OMP_NUM_THREADS=32
[2025-11-23 01:06:47] Finished running parallel_multistart. Output: output/run_20251122_210641_slurm_31223/output_parallel_multistart.block, Log: output/run_20251122_210641_slurm_31223/parallel_multistart.log
[2025-11-23 01:06:47] Building parallel strategy=ParallelTempering_Medium (TIME_LIMIT=7200s)
編譯 src/Floorplan.cpp...
g++ -std=c++17 -O3 -Wall -fopenmp -MMD -MP -Iinc  -DDEFAULT_TIME_LIMIT_SECONDS=7200 -DDEFAULT_STRATEGY_NAME=\"ParallelTempering_Medium\" -c src/Floorplan.cpp -o obj/Floorplan.o
編譯 src/main.cpp...
g++ -std=c++17 -O3 -Wall -fopenmp -MMD -MP -Iinc  -DDEFAULT_TIME_LIMIT_SECONDS=7200 -DDEFAULT_STRATEGY_NAME=\"ParallelTempering_Medium\" -c src/main.cpp -o obj/main.o
編譯 src/ParallelSA.cpp...
g++ -std=c++17 -O3 -Wall -fopenmp -MMD -MP -Iinc  -DDEFAULT_TIME_LIMIT_SECONDS=7200 -DDEFAULT_STRATEGY_NAME=\"ParallelTempering_Medium\" -c src/ParallelSA.cpp -o obj/ParallelSA.o
鏈結可執行檔...
g++ obj/Floorplan.o obj/main.o obj/ParallelSA.o -o floorplanner -fopenmp
建置完成。可執行檔為 'floorplanner'.
[2025-11-23 01:06:51] Running parallel_tempering with OMP_NUM_THREADS=32
[2025-11-23 03:06:51] Finished running parallel_tempering. Output: output/run_20251122_210641_slurm_31223/output_parallel_tempering.block, Log: output/run_20251122_210641_slurm_31223/parallel_tempering.log
[2025-11-23 03:06:51] Building parallel strategy=ParallelMoves_Fine (TIME_LIMIT=7200s)
編譯 src/Floorplan.cpp...
g++ -std=c++17 -O3 -Wall -fopenmp -MMD -MP -Iinc  -DDEFAULT_TIME_LIMIT_SECONDS=7200 -DDEFAULT_STRATEGY_NAME=\"ParallelMoves_Fine\" -c src/Floorplan.cpp -o obj/Floorplan.o
編譯 src/main.cpp...
g++ -std=c++17 -O3 -Wall -fopenmp -MMD -MP -Iinc  -DDEFAULT_TIME_LIMIT_SECONDS=7200 -DDEFAULT_STRATEGY_NAME=\"ParallelMoves_Fine\" -c src/main.cpp -o obj/main.o
編譯 src/ParallelSA.cpp...
g++ -std=c++17 -O3 -Wall -fopenmp -MMD -MP -Iinc  -DDEFAULT_TIME_LIMIT_SECONDS=7200 -DDEFAULT_STRATEGY_NAME=\"ParallelMoves_Fine\" -c src/ParallelSA.cpp -o obj/ParallelSA.o
鏈結可執行檔...
g++ obj/Floorplan.o obj/main.o obj/ParallelSA.o -o floorplanner -fopenmp
建置完成。可執行檔為 'floorplanner'.
[2025-11-23 03:06:55] Running parallel_moves with OMP_NUM_THREADS=32
[2025-11-23 05:06:55] Finished running parallel_moves. Output: output/run_20251122_210641_slurm_31223/output_parallel_moves.block, Log: output/run_20251122_210641_slurm_31223/parallel_moves.log
[2025-11-23 05:06:55] All runs finished. Check output/run_20251122_210641_slurm_31223 for outputs and logs.
Convergence/metrics CSV files are in the logs/ directory.
Job finished on Sun Nov 23 05:06:55 AM CST 2025
==================================================
